<?xml version="1.0" encoding="UTF-8"?>
<testsuite xmlns:xsi="http://www.w3.org/2001/XMLSchema-instance" xsi:noNamespaceSchemaLocation="https://maven.apache.org/surefire/maven-surefire-plugin/xsd/surefire-test-report.xsd" name="com.linxb.CommunityApplicationTests" time="7.01" tests="10" errors="1" skipped="0" failures="0">
  <properties>
    <property name="sun.desktop" value="windows"/>
    <property name="awt.toolkit" value="sun.awt.windows.WToolkit"/>
    <property name="file.encoding.pkg" value="sun.io"/>
    <property name="java.specification.version" value="1.8"/>
    <property name="sun.cpu.isalist" value="amd64"/>
    <property name="sun.jnu.encoding" value="GBK"/>
    <property name="java.class.path" value="G:\BaiduNetdiskDownload\community\target\test-classes;G:\BaiduNetdiskDownload\community\target\classes;C:\Users\84102\.m2\repository\org\springframework\boot\spring-boot-starter-aop\2.1.5.RELEASE\spring-boot-starter-aop-2.1.5.RELEASE.jar;C:\Users\84102\.m2\repository\org\springframework\boot\spring-boot-starter\2.1.5.RELEASE\spring-boot-starter-2.1.5.RELEASE.jar;C:\Users\84102\.m2\repository\org\springframework\boot\spring-boot-starter-logging\2.1.5.RELEASE\spring-boot-starter-logging-2.1.5.RELEASE.jar;C:\Users\84102\.m2\repository\ch\qos\logback\logback-classic\1.2.3\logback-classic-1.2.3.jar;C:\Users\84102\.m2\repository\ch\qos\logback\logback-core\1.2.3\logback-core-1.2.3.jar;C:\Users\84102\.m2\repository\org\apache\logging\log4j\log4j-to-slf4j\2.11.2\log4j-to-slf4j-2.11.2.jar;C:\Users\84102\.m2\repository\org\apache\logging\log4j\log4j-api\2.11.2\log4j-api-2.11.2.jar;C:\Users\84102\.m2\repository\org\slf4j\jul-to-slf4j\1.7.26\jul-to-slf4j-1.7.26.jar;C:\Users\84102\.m2\repository\javax\annotation\javax.annotation-api\1.3.2\javax.annotation-api-1.3.2.jar;C:\Users\84102\.m2\repository\org\yaml\snakeyaml\1.23\snakeyaml-1.23.jar;C:\Users\84102\.m2\repository\org\springframework\spring-aop\5.1.7.RELEASE\spring-aop-5.1.7.RELEASE.jar;C:\Users\84102\.m2\repository\org\springframework\spring-beans\5.1.7.RELEASE\spring-beans-5.1.7.RELEASE.jar;C:\Users\84102\.m2\repository\org\aspectj\aspectjweaver\1.9.4\aspectjweaver-1.9.4.jar;C:\Users\84102\.m2\repository\org\springframework\boot\spring-boot-starter-thymeleaf\2.1.5.RELEASE\spring-boot-starter-thymeleaf-2.1.5.RELEASE.jar;C:\Users\84102\.m2\repository\org\thymeleaf\thymeleaf-spring5\3.0.11.RELEASE\thymeleaf-spring5-3.0.11.RELEASE.jar;C:\Users\84102\.m2\repository\org\thymeleaf\thymeleaf\3.0.11.RELEASE\thymeleaf-3.0.11.RELEASE.jar;C:\Users\84102\.m2\repository\org\attoparser\attoparser\2.0.5.RELEASE\attoparser-2.0.5.RELEASE.jar;C:\Users\84102\.m2\repository\org\unbescape\unbescape\1.1.6.RELEASE\unbescape-1.1.6.RELEASE.jar;C:\Users\84102\.m2\repository\org\slf4j\slf4j-api\1.7.26\slf4j-api-1.7.26.jar;C:\Users\84102\.m2\repository\org\thymeleaf\extras\thymeleaf-extras-java8time\3.0.4.RELEASE\thymeleaf-extras-java8time-3.0.4.RELEASE.jar;C:\Users\84102\.m2\repository\org\projectlombok\lombok\1.18.8\lombok-1.18.8.jar;C:\Users\84102\.m2\repository\org\springframework\boot\spring-boot-starter-web\2.1.5.RELEASE\spring-boot-starter-web-2.1.5.RELEASE.jar;C:\Users\84102\.m2\repository\org\springframework\boot\spring-boot-starter-json\2.1.5.RELEASE\spring-boot-starter-json-2.1.5.RELEASE.jar;C:\Users\84102\.m2\repository\com\fasterxml\jackson\core\jackson-databind\2.9.8\jackson-databind-2.9.8.jar;C:\Users\84102\.m2\repository\com\fasterxml\jackson\core\jackson-annotations\2.9.0\jackson-annotations-2.9.0.jar;C:\Users\84102\.m2\repository\com\fasterxml\jackson\core\jackson-core\2.9.8\jackson-core-2.9.8.jar;C:\Users\84102\.m2\repository\com\fasterxml\jackson\datatype\jackson-datatype-jdk8\2.9.8\jackson-datatype-jdk8-2.9.8.jar;C:\Users\84102\.m2\repository\com\fasterxml\jackson\datatype\jackson-datatype-jsr310\2.9.8\jackson-datatype-jsr310-2.9.8.jar;C:\Users\84102\.m2\repository\com\fasterxml\jackson\module\jackson-module-parameter-names\2.9.8\jackson-module-parameter-names-2.9.8.jar;C:\Users\84102\.m2\repository\org\springframework\boot\spring-boot-starter-tomcat\2.1.5.RELEASE\spring-boot-starter-tomcat-2.1.5.RELEASE.jar;C:\Users\84102\.m2\repository\org\apache\tomcat\embed\tomcat-embed-core\9.0.19\tomcat-embed-core-9.0.19.jar;C:\Users\84102\.m2\repository\org\apache\tomcat\embed\tomcat-embed-el\9.0.19\tomcat-embed-el-9.0.19.jar;C:\Users\84102\.m2\repository\org\apache\tomcat\embed\tomcat-embed-websocket\9.0.19\tomcat-embed-websocket-9.0.19.jar;C:\Users\84102\.m2\repository\org\hibernate\validator\hibernate-validator\6.0.16.Final\hibernate-validator-6.0.16.Final.jar;C:\Users\84102\.m2\repository\javax\validation\validation-api\2.0.1.Final\validation-api-2.0.1.Final.jar;C:\Users\84102\.m2\repository\org\jboss\logging\jboss-logging\3.3.2.Final\jboss-logging-3.3.2.Final.jar;C:\Users\84102\.m2\repository\com\fasterxml\classmate\1.4.0\classmate-1.4.0.jar;C:\Users\84102\.m2\repository\org\springframework\spring-web\5.1.7.RELEASE\spring-web-5.1.7.RELEASE.jar;C:\Users\84102\.m2\repository\org\springframework\spring-webmvc\5.1.7.RELEASE\spring-webmvc-5.1.7.RELEASE.jar;C:\Users\84102\.m2\repository\org\springframework\spring-context\5.1.7.RELEASE\spring-context-5.1.7.RELEASE.jar;C:\Users\84102\.m2\repository\org\springframework\spring-expression\5.1.7.RELEASE\spring-expression-5.1.7.RELEASE.jar;C:\Users\84102\.m2\repository\org\springframework\boot\spring-boot-devtools\2.1.5.RELEASE\spring-boot-devtools-2.1.5.RELEASE.jar;C:\Users\84102\.m2\repository\org\springframework\boot\spring-boot\2.1.5.RELEASE\spring-boot-2.1.5.RELEASE.jar;C:\Users\84102\.m2\repository\org\springframework\boot\spring-boot-autoconfigure\2.1.5.RELEASE\spring-boot-autoconfigure-2.1.5.RELEASE.jar;C:\Users\84102\.m2\repository\org\springframework\boot\spring-boot-starter-test\2.1.5.RELEASE\spring-boot-starter-test-2.1.5.RELEASE.jar;C:\Users\84102\.m2\repository\org\springframework\boot\spring-boot-test\2.1.5.RELEASE\spring-boot-test-2.1.5.RELEASE.jar;C:\Users\84102\.m2\repository\org\springframework\boot\spring-boot-test-autoconfigure\2.1.5.RELEASE\spring-boot-test-autoconfigure-2.1.5.RELEASE.jar;C:\Users\84102\.m2\repository\com\jayway\jsonpath\json-path\2.4.0\json-path-2.4.0.jar;C:\Users\84102\.m2\repository\net\minidev\json-smart\2.3\json-smart-2.3.jar;C:\Users\84102\.m2\repository\net\minidev\accessors-smart\1.2\accessors-smart-1.2.jar;C:\Users\84102\.m2\repository\org\ow2\asm\asm\5.0.4\asm-5.0.4.jar;C:\Users\84102\.m2\repository\org\assertj\assertj-core\3.11.1\assertj-core-3.11.1.jar;C:\Users\84102\.m2\repository\org\mockito\mockito-core\2.23.4\mockito-core-2.23.4.jar;C:\Users\84102\.m2\repository\net\bytebuddy\byte-buddy\1.9.12\byte-buddy-1.9.12.jar;C:\Users\84102\.m2\repository\net\bytebuddy\byte-buddy-agent\1.9.12\byte-buddy-agent-1.9.12.jar;C:\Users\84102\.m2\repository\org\objenesis\objenesis\2.6\objenesis-2.6.jar;C:\Users\84102\.m2\repository\org\hamcrest\hamcrest-core\1.3\hamcrest-core-1.3.jar;C:\Users\84102\.m2\repository\org\hamcrest\hamcrest-library\1.3\hamcrest-library-1.3.jar;C:\Users\84102\.m2\repository\org\skyscreamer\jsonassert\1.5.0\jsonassert-1.5.0.jar;C:\Users\84102\.m2\repository\com\vaadin\external\google\android-json\0.0.20131108.vaadin1\android-json-0.0.20131108.vaadin1.jar;C:\Users\84102\.m2\repository\org\springframework\spring-core\5.1.7.RELEASE\spring-core-5.1.7.RELEASE.jar;C:\Users\84102\.m2\repository\org\springframework\spring-jcl\5.1.7.RELEASE\spring-jcl-5.1.7.RELEASE.jar;C:\Users\84102\.m2\repository\org\springframework\spring-test\5.1.7.RELEASE\spring-test-5.1.7.RELEASE.jar;C:\Users\84102\.m2\repository\org\xmlunit\xmlunit-core\2.6.2\xmlunit-core-2.6.2.jar;C:\Users\84102\.m2\repository\mysql\mysql-connector-java\8.0.16\mysql-connector-java-8.0.16.jar;C:\Users\84102\.m2\repository\org\mybatis\spring\boot\mybatis-spring-boot-starter\2.0.1\mybatis-spring-boot-starter-2.0.1.jar;C:\Users\84102\.m2\repository\org\springframework\boot\spring-boot-starter-jdbc\2.1.5.RELEASE\spring-boot-starter-jdbc-2.1.5.RELEASE.jar;C:\Users\84102\.m2\repository\com\zaxxer\HikariCP\3.2.0\HikariCP-3.2.0.jar;C:\Users\84102\.m2\repository\org\springframework\spring-jdbc\5.1.7.RELEASE\spring-jdbc-5.1.7.RELEASE.jar;C:\Users\84102\.m2\repository\org\mybatis\spring\boot\mybatis-spring-boot-autoconfigure\2.0.1\mybatis-spring-boot-autoconfigure-2.0.1.jar;C:\Users\84102\.m2\repository\org\mybatis\mybatis\3.5.1\mybatis-3.5.1.jar;C:\Users\84102\.m2\repository\org\mybatis\mybatis-spring\2.0.1\mybatis-spring-2.0.1.jar;C:\Users\84102\.m2\repository\junit\junit\4.12\junit-4.12.jar;C:\Users\84102\.m2\repository\org\springframework\boot\spring-boot-starter-mail\2.1.5.RELEASE\spring-boot-starter-mail-2.1.5.RELEASE.jar;C:\Users\84102\.m2\repository\org\springframework\spring-context-support\5.1.7.RELEASE\spring-context-support-5.1.7.RELEASE.jar;C:\Users\84102\.m2\repository\com\sun\mail\javax.mail\1.6.2\javax.mail-1.6.2.jar;C:\Users\84102\.m2\repository\javax\activation\activation\1.1\activation-1.1.jar;C:\Users\84102\.m2\repository\org\apache\commons\commons-lang3\3.9\commons-lang3-3.9.jar;C:\Users\84102\.m2\repository\com\github\penggle\kaptcha\2.3.2\kaptcha-2.3.2.jar;C:\Users\84102\.m2\repository\javax\servlet\javax.servlet-api\4.0.1\javax.servlet-api-4.0.1.jar;C:\Users\84102\.m2\repository\com\jhlabs\filters\2.0.235-1\filters-2.0.235-1.jar;C:\Users\84102\.m2\repository\org\junit\jupiter\junit-jupiter\5.9.0\junit-jupiter-5.9.0.jar;C:\Users\84102\.m2\repository\org\junit\jupiter\junit-jupiter-api\5.3.2\junit-jupiter-api-5.3.2.jar;C:\Users\84102\.m2\repository\org\apiguardian\apiguardian-api\1.0.0\apiguardian-api-1.0.0.jar;C:\Users\84102\.m2\repository\org\opentest4j\opentest4j\1.1.1\opentest4j-1.1.1.jar;C:\Users\84102\.m2\repository\org\junit\platform\junit-platform-commons\1.3.2\junit-platform-commons-1.3.2.jar;C:\Users\84102\.m2\repository\org\junit\jupiter\junit-jupiter-params\5.3.2\junit-jupiter-params-5.3.2.jar;C:\Users\84102\.m2\repository\org\junit\jupiter\junit-jupiter-engine\5.3.2\junit-jupiter-engine-5.3.2.jar;C:\Users\84102\.m2\repository\org\junit\platform\junit-platform-engine\1.3.2\junit-platform-engine-1.3.2.jar;C:\Users\84102\.m2\repository\com\alibaba\fastjson\1.2.68\fastjson-1.2.68.jar;C:\Users\84102\.m2\repository\org\springframework\boot\spring-boot-starter-data-redis\2.2.5.RELEASE\spring-boot-starter-data-redis-2.2.5.RELEASE.jar;C:\Users\84102\.m2\repository\org\springframework\data\spring-data-redis\2.1.8.RELEASE\spring-data-redis-2.1.8.RELEASE.jar;C:\Users\84102\.m2\repository\org\springframework\data\spring-data-keyvalue\2.1.8.RELEASE\spring-data-keyvalue-2.1.8.RELEASE.jar;C:\Users\84102\.m2\repository\org\springframework\data\spring-data-commons\2.1.8.RELEASE\spring-data-commons-2.1.8.RELEASE.jar;C:\Users\84102\.m2\repository\org\springframework\spring-tx\5.1.7.RELEASE\spring-tx-5.1.7.RELEASE.jar;C:\Users\84102\.m2\repository\org\springframework\spring-oxm\5.1.7.RELEASE\spring-oxm-5.1.7.RELEASE.jar;C:\Users\84102\.m2\repository\io\lettuce\lettuce-core\5.1.6.RELEASE\lettuce-core-5.1.6.RELEASE.jar;C:\Users\84102\.m2\repository\io\netty\netty-common\4.1.36.Final\netty-common-4.1.36.Final.jar;C:\Users\84102\.m2\repository\io\netty\netty-handler\4.1.36.Final\netty-handler-4.1.36.Final.jar;C:\Users\84102\.m2\repository\io\netty\netty-buffer\4.1.36.Final\netty-buffer-4.1.36.Final.jar;C:\Users\84102\.m2\repository\io\netty\netty-codec\4.1.36.Final\netty-codec-4.1.36.Final.jar;C:\Users\84102\.m2\repository\io\netty\netty-transport\4.1.36.Final\netty-transport-4.1.36.Final.jar;C:\Users\84102\.m2\repository\io\netty\netty-resolver\4.1.36.Final\netty-resolver-4.1.36.Final.jar;C:\Users\84102\.m2\repository\io\projectreactor\reactor-core\3.2.9.RELEASE\reactor-core-3.2.9.RELEASE.jar;C:\Users\84102\.m2\repository\org\reactivestreams\reactive-streams\1.0.2\reactive-streams-1.0.2.jar;"/>
    <property name="java.vm.vendor" value="Oracle Corporation"/>
    <property name="sun.arch.data.model" value="64"/>
    <property name="user.variant" value=""/>
    <property name="java.vendor.url" value="http://java.oracle.com/"/>
    <property name="user.timezone" value="Asia/Shanghai"/>
    <property name="java.vm.specification.version" value="1.8"/>
    <property name="os.name" value="Windows 10"/>
    <property name="user.country" value="CN"/>
    <property name="sun.java.launcher" value="SUN_STANDARD"/>
    <property name="sun.boot.library.path" value="D:\lxbjava8\jre\bin"/>
    <property name="sun.java.command" value="C:\Users\84102\AppData\Local\Temp\surefire415433346330154660\surefirebooter67088034210796996.jar C:\Users\84102\AppData\Local\Temp\surefire415433346330154660 2022-08-06T22-35-19_460-jvmRun1 surefire3284244364942839979tmp surefire_07094360641989737085tmp"/>
    <property name="surefire.test.class.path" value="G:\BaiduNetdiskDownload\community\target\test-classes;G:\BaiduNetdiskDownload\community\target\classes;C:\Users\84102\.m2\repository\org\springframework\boot\spring-boot-starter-aop\2.1.5.RELEASE\spring-boot-starter-aop-2.1.5.RELEASE.jar;C:\Users\84102\.m2\repository\org\springframework\boot\spring-boot-starter\2.1.5.RELEASE\spring-boot-starter-2.1.5.RELEASE.jar;C:\Users\84102\.m2\repository\org\springframework\boot\spring-boot-starter-logging\2.1.5.RELEASE\spring-boot-starter-logging-2.1.5.RELEASE.jar;C:\Users\84102\.m2\repository\ch\qos\logback\logback-classic\1.2.3\logback-classic-1.2.3.jar;C:\Users\84102\.m2\repository\ch\qos\logback\logback-core\1.2.3\logback-core-1.2.3.jar;C:\Users\84102\.m2\repository\org\apache\logging\log4j\log4j-to-slf4j\2.11.2\log4j-to-slf4j-2.11.2.jar;C:\Users\84102\.m2\repository\org\apache\logging\log4j\log4j-api\2.11.2\log4j-api-2.11.2.jar;C:\Users\84102\.m2\repository\org\slf4j\jul-to-slf4j\1.7.26\jul-to-slf4j-1.7.26.jar;C:\Users\84102\.m2\repository\javax\annotation\javax.annotation-api\1.3.2\javax.annotation-api-1.3.2.jar;C:\Users\84102\.m2\repository\org\yaml\snakeyaml\1.23\snakeyaml-1.23.jar;C:\Users\84102\.m2\repository\org\springframework\spring-aop\5.1.7.RELEASE\spring-aop-5.1.7.RELEASE.jar;C:\Users\84102\.m2\repository\org\springframework\spring-beans\5.1.7.RELEASE\spring-beans-5.1.7.RELEASE.jar;C:\Users\84102\.m2\repository\org\aspectj\aspectjweaver\1.9.4\aspectjweaver-1.9.4.jar;C:\Users\84102\.m2\repository\org\springframework\boot\spring-boot-starter-thymeleaf\2.1.5.RELEASE\spring-boot-starter-thymeleaf-2.1.5.RELEASE.jar;C:\Users\84102\.m2\repository\org\thymeleaf\thymeleaf-spring5\3.0.11.RELEASE\thymeleaf-spring5-3.0.11.RELEASE.jar;C:\Users\84102\.m2\repository\org\thymeleaf\thymeleaf\3.0.11.RELEASE\thymeleaf-3.0.11.RELEASE.jar;C:\Users\84102\.m2\repository\org\attoparser\attoparser\2.0.5.RELEASE\attoparser-2.0.5.RELEASE.jar;C:\Users\84102\.m2\repository\org\unbescape\unbescape\1.1.6.RELEASE\unbescape-1.1.6.RELEASE.jar;C:\Users\84102\.m2\repository\org\slf4j\slf4j-api\1.7.26\slf4j-api-1.7.26.jar;C:\Users\84102\.m2\repository\org\thymeleaf\extras\thymeleaf-extras-java8time\3.0.4.RELEASE\thymeleaf-extras-java8time-3.0.4.RELEASE.jar;C:\Users\84102\.m2\repository\org\projectlombok\lombok\1.18.8\lombok-1.18.8.jar;C:\Users\84102\.m2\repository\org\springframework\boot\spring-boot-starter-web\2.1.5.RELEASE\spring-boot-starter-web-2.1.5.RELEASE.jar;C:\Users\84102\.m2\repository\org\springframework\boot\spring-boot-starter-json\2.1.5.RELEASE\spring-boot-starter-json-2.1.5.RELEASE.jar;C:\Users\84102\.m2\repository\com\fasterxml\jackson\core\jackson-databind\2.9.8\jackson-databind-2.9.8.jar;C:\Users\84102\.m2\repository\com\fasterxml\jackson\core\jackson-annotations\2.9.0\jackson-annotations-2.9.0.jar;C:\Users\84102\.m2\repository\com\fasterxml\jackson\core\jackson-core\2.9.8\jackson-core-2.9.8.jar;C:\Users\84102\.m2\repository\com\fasterxml\jackson\datatype\jackson-datatype-jdk8\2.9.8\jackson-datatype-jdk8-2.9.8.jar;C:\Users\84102\.m2\repository\com\fasterxml\jackson\datatype\jackson-datatype-jsr310\2.9.8\jackson-datatype-jsr310-2.9.8.jar;C:\Users\84102\.m2\repository\com\fasterxml\jackson\module\jackson-module-parameter-names\2.9.8\jackson-module-parameter-names-2.9.8.jar;C:\Users\84102\.m2\repository\org\springframework\boot\spring-boot-starter-tomcat\2.1.5.RELEASE\spring-boot-starter-tomcat-2.1.5.RELEASE.jar;C:\Users\84102\.m2\repository\org\apache\tomcat\embed\tomcat-embed-core\9.0.19\tomcat-embed-core-9.0.19.jar;C:\Users\84102\.m2\repository\org\apache\tomcat\embed\tomcat-embed-el\9.0.19\tomcat-embed-el-9.0.19.jar;C:\Users\84102\.m2\repository\org\apache\tomcat\embed\tomcat-embed-websocket\9.0.19\tomcat-embed-websocket-9.0.19.jar;C:\Users\84102\.m2\repository\org\hibernate\validator\hibernate-validator\6.0.16.Final\hibernate-validator-6.0.16.Final.jar;C:\Users\84102\.m2\repository\javax\validation\validation-api\2.0.1.Final\validation-api-2.0.1.Final.jar;C:\Users\84102\.m2\repository\org\jboss\logging\jboss-logging\3.3.2.Final\jboss-logging-3.3.2.Final.jar;C:\Users\84102\.m2\repository\com\fasterxml\classmate\1.4.0\classmate-1.4.0.jar;C:\Users\84102\.m2\repository\org\springframework\spring-web\5.1.7.RELEASE\spring-web-5.1.7.RELEASE.jar;C:\Users\84102\.m2\repository\org\springframework\spring-webmvc\5.1.7.RELEASE\spring-webmvc-5.1.7.RELEASE.jar;C:\Users\84102\.m2\repository\org\springframework\spring-context\5.1.7.RELEASE\spring-context-5.1.7.RELEASE.jar;C:\Users\84102\.m2\repository\org\springframework\spring-expression\5.1.7.RELEASE\spring-expression-5.1.7.RELEASE.jar;C:\Users\84102\.m2\repository\org\springframework\boot\spring-boot-devtools\2.1.5.RELEASE\spring-boot-devtools-2.1.5.RELEASE.jar;C:\Users\84102\.m2\repository\org\springframework\boot\spring-boot\2.1.5.RELEASE\spring-boot-2.1.5.RELEASE.jar;C:\Users\84102\.m2\repository\org\springframework\boot\spring-boot-autoconfigure\2.1.5.RELEASE\spring-boot-autoconfigure-2.1.5.RELEASE.jar;C:\Users\84102\.m2\repository\org\springframework\boot\spring-boot-starter-test\2.1.5.RELEASE\spring-boot-starter-test-2.1.5.RELEASE.jar;C:\Users\84102\.m2\repository\org\springframework\boot\spring-boot-test\2.1.5.RELEASE\spring-boot-test-2.1.5.RELEASE.jar;C:\Users\84102\.m2\repository\org\springframework\boot\spring-boot-test-autoconfigure\2.1.5.RELEASE\spring-boot-test-autoconfigure-2.1.5.RELEASE.jar;C:\Users\84102\.m2\repository\com\jayway\jsonpath\json-path\2.4.0\json-path-2.4.0.jar;C:\Users\84102\.m2\repository\net\minidev\json-smart\2.3\json-smart-2.3.jar;C:\Users\84102\.m2\repository\net\minidev\accessors-smart\1.2\accessors-smart-1.2.jar;C:\Users\84102\.m2\repository\org\ow2\asm\asm\5.0.4\asm-5.0.4.jar;C:\Users\84102\.m2\repository\org\assertj\assertj-core\3.11.1\assertj-core-3.11.1.jar;C:\Users\84102\.m2\repository\org\mockito\mockito-core\2.23.4\mockito-core-2.23.4.jar;C:\Users\84102\.m2\repository\net\bytebuddy\byte-buddy\1.9.12\byte-buddy-1.9.12.jar;C:\Users\84102\.m2\repository\net\bytebuddy\byte-buddy-agent\1.9.12\byte-buddy-agent-1.9.12.jar;C:\Users\84102\.m2\repository\org\objenesis\objenesis\2.6\objenesis-2.6.jar;C:\Users\84102\.m2\repository\org\hamcrest\hamcrest-core\1.3\hamcrest-core-1.3.jar;C:\Users\84102\.m2\repository\org\hamcrest\hamcrest-library\1.3\hamcrest-library-1.3.jar;C:\Users\84102\.m2\repository\org\skyscreamer\jsonassert\1.5.0\jsonassert-1.5.0.jar;C:\Users\84102\.m2\repository\com\vaadin\external\google\android-json\0.0.20131108.vaadin1\android-json-0.0.20131108.vaadin1.jar;C:\Users\84102\.m2\repository\org\springframework\spring-core\5.1.7.RELEASE\spring-core-5.1.7.RELEASE.jar;C:\Users\84102\.m2\repository\org\springframework\spring-jcl\5.1.7.RELEASE\spring-jcl-5.1.7.RELEASE.jar;C:\Users\84102\.m2\repository\org\springframework\spring-test\5.1.7.RELEASE\spring-test-5.1.7.RELEASE.jar;C:\Users\84102\.m2\repository\org\xmlunit\xmlunit-core\2.6.2\xmlunit-core-2.6.2.jar;C:\Users\84102\.m2\repository\mysql\mysql-connector-java\8.0.16\mysql-connector-java-8.0.16.jar;C:\Users\84102\.m2\repository\org\mybatis\spring\boot\mybatis-spring-boot-starter\2.0.1\mybatis-spring-boot-starter-2.0.1.jar;C:\Users\84102\.m2\repository\org\springframework\boot\spring-boot-starter-jdbc\2.1.5.RELEASE\spring-boot-starter-jdbc-2.1.5.RELEASE.jar;C:\Users\84102\.m2\repository\com\zaxxer\HikariCP\3.2.0\HikariCP-3.2.0.jar;C:\Users\84102\.m2\repository\org\springframework\spring-jdbc\5.1.7.RELEASE\spring-jdbc-5.1.7.RELEASE.jar;C:\Users\84102\.m2\repository\org\mybatis\spring\boot\mybatis-spring-boot-autoconfigure\2.0.1\mybatis-spring-boot-autoconfigure-2.0.1.jar;C:\Users\84102\.m2\repository\org\mybatis\mybatis\3.5.1\mybatis-3.5.1.jar;C:\Users\84102\.m2\repository\org\mybatis\mybatis-spring\2.0.1\mybatis-spring-2.0.1.jar;C:\Users\84102\.m2\repository\junit\junit\4.12\junit-4.12.jar;C:\Users\84102\.m2\repository\org\springframework\boot\spring-boot-starter-mail\2.1.5.RELEASE\spring-boot-starter-mail-2.1.5.RELEASE.jar;C:\Users\84102\.m2\repository\org\springframework\spring-context-support\5.1.7.RELEASE\spring-context-support-5.1.7.RELEASE.jar;C:\Users\84102\.m2\repository\com\sun\mail\javax.mail\1.6.2\javax.mail-1.6.2.jar;C:\Users\84102\.m2\repository\javax\activation\activation\1.1\activation-1.1.jar;C:\Users\84102\.m2\repository\org\apache\commons\commons-lang3\3.9\commons-lang3-3.9.jar;C:\Users\84102\.m2\repository\com\github\penggle\kaptcha\2.3.2\kaptcha-2.3.2.jar;C:\Users\84102\.m2\repository\javax\servlet\javax.servlet-api\4.0.1\javax.servlet-api-4.0.1.jar;C:\Users\84102\.m2\repository\com\jhlabs\filters\2.0.235-1\filters-2.0.235-1.jar;C:\Users\84102\.m2\repository\org\junit\jupiter\junit-jupiter\5.9.0\junit-jupiter-5.9.0.jar;C:\Users\84102\.m2\repository\org\junit\jupiter\junit-jupiter-api\5.3.2\junit-jupiter-api-5.3.2.jar;C:\Users\84102\.m2\repository\org\apiguardian\apiguardian-api\1.0.0\apiguardian-api-1.0.0.jar;C:\Users\84102\.m2\repository\org\opentest4j\opentest4j\1.1.1\opentest4j-1.1.1.jar;C:\Users\84102\.m2\repository\org\junit\platform\junit-platform-commons\1.3.2\junit-platform-commons-1.3.2.jar;C:\Users\84102\.m2\repository\org\junit\jupiter\junit-jupiter-params\5.3.2\junit-jupiter-params-5.3.2.jar;C:\Users\84102\.m2\repository\org\junit\jupiter\junit-jupiter-engine\5.3.2\junit-jupiter-engine-5.3.2.jar;C:\Users\84102\.m2\repository\org\junit\platform\junit-platform-engine\1.3.2\junit-platform-engine-1.3.2.jar;C:\Users\84102\.m2\repository\com\alibaba\fastjson\1.2.68\fastjson-1.2.68.jar;C:\Users\84102\.m2\repository\org\springframework\boot\spring-boot-starter-data-redis\2.2.5.RELEASE\spring-boot-starter-data-redis-2.2.5.RELEASE.jar;C:\Users\84102\.m2\repository\org\springframework\data\spring-data-redis\2.1.8.RELEASE\spring-data-redis-2.1.8.RELEASE.jar;C:\Users\84102\.m2\repository\org\springframework\data\spring-data-keyvalue\2.1.8.RELEASE\spring-data-keyvalue-2.1.8.RELEASE.jar;C:\Users\84102\.m2\repository\org\springframework\data\spring-data-commons\2.1.8.RELEASE\spring-data-commons-2.1.8.RELEASE.jar;C:\Users\84102\.m2\repository\org\springframework\spring-tx\5.1.7.RELEASE\spring-tx-5.1.7.RELEASE.jar;C:\Users\84102\.m2\repository\org\springframework\spring-oxm\5.1.7.RELEASE\spring-oxm-5.1.7.RELEASE.jar;C:\Users\84102\.m2\repository\io\lettuce\lettuce-core\5.1.6.RELEASE\lettuce-core-5.1.6.RELEASE.jar;C:\Users\84102\.m2\repository\io\netty\netty-common\4.1.36.Final\netty-common-4.1.36.Final.jar;C:\Users\84102\.m2\repository\io\netty\netty-handler\4.1.36.Final\netty-handler-4.1.36.Final.jar;C:\Users\84102\.m2\repository\io\netty\netty-buffer\4.1.36.Final\netty-buffer-4.1.36.Final.jar;C:\Users\84102\.m2\repository\io\netty\netty-codec\4.1.36.Final\netty-codec-4.1.36.Final.jar;C:\Users\84102\.m2\repository\io\netty\netty-transport\4.1.36.Final\netty-transport-4.1.36.Final.jar;C:\Users\84102\.m2\repository\io\netty\netty-resolver\4.1.36.Final\netty-resolver-4.1.36.Final.jar;C:\Users\84102\.m2\repository\io\projectreactor\reactor-core\3.2.9.RELEASE\reactor-core-3.2.9.RELEASE.jar;C:\Users\84102\.m2\repository\org\reactivestreams\reactive-streams\1.0.2\reactive-streams-1.0.2.jar;"/>
    <property name="sun.cpu.endian" value="little"/>
    <property name="user.home" value="C:\Users\84102"/>
    <property name="user.language" value="zh"/>
    <property name="java.specification.vendor" value="Oracle Corporation"/>
    <property name="java.home" value="D:\lxbjava8\jre"/>
    <property name="basedir" value="G:\BaiduNetdiskDownload\community"/>
    <property name="file.separator" value="\"/>
    <property name="line.separator" value="&#10;"/>
    <property name="java.vm.specification.vendor" value="Oracle Corporation"/>
    <property name="java.specification.name" value="Java Platform API Specification"/>
    <property name="java.awt.graphicsenv" value="sun.awt.Win32GraphicsEnvironment"/>
    <property name="surefire.real.class.path" value="C:\Users\84102\AppData\Local\Temp\surefire415433346330154660\surefirebooter67088034210796996.jar"/>
    <property name="sun.boot.class.path" value="D:\lxbjava8\jre\lib\resources.jar;D:\lxbjava8\jre\lib\rt.jar;D:\lxbjava8\jre\lib\sunrsasign.jar;D:\lxbjava8\jre\lib\jsse.jar;D:\lxbjava8\jre\lib\jce.jar;D:\lxbjava8\jre\lib\charsets.jar;D:\lxbjava8\jre\lib\jfr.jar;D:\lxbjava8\jre\classes"/>
    <property name="user.script" value=""/>
    <property name="sun.management.compiler" value="HotSpot 64-Bit Tiered Compilers"/>
    <property name="java.runtime.version" value="1.8.0_131-b11"/>
    <property name="user.name" value="84102"/>
    <property name="path.separator" value=";"/>
    <property name="os.version" value="10.0"/>
    <property name="java.endorsed.dirs" value="D:\lxbjava8\jre\lib\endorsed"/>
    <property name="java.runtime.name" value="Java(TM) SE Runtime Environment"/>
    <property name="file.encoding" value="GBK"/>
    <property name="java.vm.name" value="Java HotSpot(TM) 64-Bit Server VM"/>
    <property name="localRepository" value="C:\Users\84102\.m2\repository"/>
    <property name="java.vendor.url.bug" value="http://bugreport.sun.com/bugreport/"/>
    <property name="java.io.tmpdir" value="C:\Users\84102\AppData\Local\Temp\"/>
    <property name="idea.version" value="2020.2"/>
    <property name="java.version" value="1.8.0_131"/>
    <property name="user.dir" value="G:\BaiduNetdiskDownload\community"/>
    <property name="os.arch" value="amd64"/>
    <property name="java.vm.specification.name" value="Java Virtual Machine Specification"/>
    <property name="java.awt.printerjob" value="sun.awt.windows.WPrinterJob"/>
    <property name="sun.os.patch.level" value=""/>
    <property name="java.library.path" value="D:\lxbjava8\jre\bin;C:\WINDOWS\Sun\Java\bin;C:\WINDOWS\system32;C:\WINDOWS;G:\Users\Program Files\NVIDIA GPU Computing Toolkit\CUDA\v11.1\bin;G:\Users\Program Files\NVIDIA GPU Computing Toolkit\CUDA\v11.1\libnvvp;C:\ProgramData\Oracle\Java\javapath;C:\WINDOWS\system32;C:\WINDOWS;C:\WINDOWS\System32\Wbem;C:\WINDOWS\System32\WindowsPowerShell\v1.0\;C:\WINDOWS\System32\OpenSSH\;D:\Program Files\Bandizip\;C:\Program Files (x86)\dotnet\;C:\Program Files\MySQL\MySQL Server 5.5\bin;C:\Program Files (x86)\MySQL\MySQL Server 5.5\bin;D:\Program Files\MATLAB\R2022a\bin;D:\Program Files\nodejs\;C:\Program Files\NVIDIA Corporation\Nsight Compute 2020.2.0\;C:\Program Files (x86)\NVIDIA Corporation\PhysX\Common;C:\Program Files\NVIDIA Corporation\NVIDIA NvDLISR;D:\Program Files\Git\cmd;D:\Program Files\PuTTY\;C:\Users\84102\AppData\Local\Microsoft\WindowsApps;D:\Anaconda3;D:\Anaconda3\Scripts;D:\Program Files\MySQL\MySQL Server 5.5\bin;C:\Users\84102\AppData\Roaming\npm;D:\lxbjava8\bin;G:\Users\Program Files\NVIDIA GPU Computing Toolkit\CUDA\v11.1\bin;;D:\Program Files\JetBrains\PyCharm 2022.1.1\bin;;."/>
    <property name="java.vm.info" value="mixed mode"/>
    <property name="java.vendor" value="Oracle Corporation"/>
    <property name="java.vm.version" value="25.131-b11"/>
    <property name="java.ext.dirs" value="D:\lxbjava8\jre\lib\ext;C:\WINDOWS\Sun\Java\lib\ext"/>
    <property name="sun.io.unicode.encoding" value="UnicodeLittle"/>
    <property name="java.class.version" value="52.0"/>
  </properties>
  <testcase name="testInsertComment" classname="com.linxb.CommunityApplicationTests" time="0.376"/>
  <testcase name="setDiscussPostMapperTest" classname="com.linxb.CommunityApplicationTests" time="0.068"/>
  <testcase name="updateStatusTest" classname="com.linxb.CommunityApplicationTests" time="0.001"/>
  <testcase name="testSelectMessage" classname="com.linxb.CommunityApplicationTests" time="0.005"/>
  <testcase name="updatePasswordTest" classname="com.linxb.CommunityApplicationTests" time="0.007"/>
  <testcase name="testComment" classname="com.linxb.CommunityApplicationTests" time="0.007"/>
  <testcase name="updateHeaderTest" classname="com.linxb.CommunityApplicationTests" time="0.007"/>
  <testcase name="contextLoads" classname="com.linxb.CommunityApplicationTests" time="0.004"/>
  <testcase name="testInsertLoginTicket" classname="com.linxb.CommunityApplicationTests" time="0.01"/>
  <testcase name="testStrings" classname="com.linxb.CommunityApplicationTests" time="3.12">
    <error message="Unable to connect to Redis; nested exception is io.lettuce.core.RedisConnectionException: Unable to connect to 127.0.0.1:6379" type="org.springframework.data.redis.RedisConnectionFailureException">org.springframework.data.redis.RedisConnectionFailureException: Unable to connect to Redis; nested exception is io.lettuce.core.RedisConnectionException: Unable to connect to 127.0.0.1:6379
	at com.linxb.CommunityApplicationTests.testStrings(CommunityApplicationTests.java:146)
Caused by: io.lettuce.core.RedisConnectionException: Unable to connect to 127.0.0.1:6379
	at com.linxb.CommunityApplicationTests.testStrings(CommunityApplicationTests.java:146)
Caused by: io.netty.channel.AbstractChannel$AnnotatedConnectException: Connection refused: no further information: /127.0.0.1:6379
Caused by: java.net.ConnectException: Connection refused: no further information
</error>
  </testcase>
</testsuite>